{
  "xcodebuild": {
    "errorCount": 20,
    "warningCount": 51,
    "errors": [
      "/Applications/Xcode_16.4.app/Contents/Developer/Platforms/iPhoneSimulator.platform/Developer/SDKs/iPhoneSimulator18.5.sdk/usr/include/c++/v1/cstdlib:90:5: error: <cstdlib> tried including <stdlib.h> but didn't find libc++'s <stdlib.h> header.           This usually means that your header search paths are not configured properly.           The header search paths should contain the C++ Standard Library headers before           any C Standard Library, and you are probably using compiler flags that make that           not be the case.",
      "/Applications/Xcode_16.4.app/Contents/Developer/Platforms/iPhoneSimulator.platform/Developer/SDKs/iPhoneSimulator18.5.sdk/usr/include/c++/v1/__chrono/system_clock.h:35:10: error: reference to unresolved using declaration",
      "/Applications/Xcode_16.4.app/Contents/Developer/Platforms/iPhoneSimulator.platform/Developer/SDKs/iPhoneSimulator18.5.sdk/usr/include/c++/v1/__chrono/system_clock.h:36:33: error: reference to unresolved using declaration",
      "/Applications/Xcode_16.4.app/Contents/Developer/Platforms/iPhoneSimulator.platform/Developer/SDKs/iPhoneSimulator18.5.sdk/usr/include/c++/v1/__thread/support/pthread.h:42:31: error: no type named 'timespec' in the global namespace",
      "/Applications/Xcode_16.4.app/Contents/Developer/Platforms/iPhoneSimulator.platform/Developer/SDKs/iPhoneSimulator18.5.sdk/usr/include/c++/v1/__thread/support/pthread.h:47:9: error: unknown type name 'pthread_mutex_t'",
      "/Applications/Xcode_16.4.app/Contents/Developer/Platforms/iPhoneSimulator.platform/Developer/SDKs/iPhoneSimulator18.5.sdk/usr/include/c++/v1/__thread/support/pthread.h:50:9: error: unknown type name 'pthread_mutex_t'",
      "/Applications/Xcode_16.4.app/Contents/Developer/Platforms/iPhoneSimulator.platform/Developer/SDKs/iPhoneSimulator18.5.sdk/usr/include/c++/v1/__thread/support/pthread.h:53:3: error: unknown type name 'pthread_mutexattr_t'",
      "/Applications/Xcode_16.4.app/Contents/Developer/Platforms/iPhoneSimulator.platform/Developer/SDKs/iPhoneSimulator18.5.sdk/usr/include/c++/v1/__thread/support/pthread.h:57:45: error: use of undeclared identifier 'PTHREAD_MUTEX_RECURSIVE'",
      "/Applications/Xcode_16.4.app/Contents/Developer/Platforms/iPhoneSimulator.platform/Developer/SDKs/iPhoneSimulator18.5.sdk/usr/include/c++/v1/__thread/support/pthread.h:69:5: error: use of undeclared identifier 'pthread_mutex_destroy'",
      "/Applications/Xcode_16.4.app/Contents/Developer/Platforms/iPhoneSimulator.platform/Developer/SDKs/iPhoneSimulator18.5.sdk/usr/include/c++/v1/__thread/support/pthread.h:77:10: error: use of undeclared identifier 'pthread_mutex_lock'",
      "/Applications/Xcode_16.4.app/Contents/Developer/Platforms/iPhoneSimulator.platform/Developer/SDKs/iPhoneSimulator18.5.sdk/usr/include/c++/v1/__thread/support/pthread.h:82:10: error: use of undeclared identifier 'pthread_mutex_trylock'",
      "/Applications/Xcode_16.4.app/Contents/Developer/Platforms/iPhoneSimulator.platform/Developer/SDKs/iPhoneSimulator18.5.sdk/usr/include/c++/v1/__thread/support/pthread.h:87:10: error: use of undeclared identifier 'pthread_mutex_unlock'",
      "/Applications/Xcode_16.4.app/Contents/Developer/Platforms/iPhoneSimulator.platform/Developer/SDKs/iPhoneSimulator18.5.sdk/usr/include/c++/v1/__thread/support/pthread.h:91:10: error: use of undeclared identifier 'pthread_mutex_destroy'",
      "/Applications/Xcode_16.4.app/Contents/Developer/Platforms/iPhoneSimulator.platform/Developer/SDKs/iPhoneSimulator18.5.sdk/usr/include/c++/v1/__thread/support/pthread.h:95:10: error: use of undeclared identifier 'pthread_mutex_lock'",
      "/Applications/Xcode_16.4.app/Contents/Developer/Platforms/iPhoneSimulator.platform/Developer/SDKs/iPhoneSimulator18.5.sdk/usr/include/c++/v1/__thread/support/pthread.h:99:10: error: use of undeclared identifier 'pthread_mutex_trylock'",
      "/Applications/Xcode_16.4.app/Contents/Developer/Platforms/iPhoneSimulator.platform/Developer/SDKs/iPhoneSimulator18.5.sdk/usr/include/c++/v1/__thread/support/pthread.h:103:10: error: use of undeclared identifier 'pthread_mutex_unlock'",
      "/Applications/Xcode_16.4.app/Contents/Developer/Platforms/iPhoneSimulator.platform/Developer/SDKs/iPhoneSimulator18.5.sdk/usr/include/c++/v1/__thread/support/pthread.h:106:89: error: use of undeclared identifier 'pthread_mutex_destroy'",
      "/Applications/Xcode_16.4.app/Contents/Developer/Platforms/iPhoneSimulator.platform/Developer/SDKs/iPhoneSimulator18.5.sdk/usr/include/c++/v1/__thread/support/pthread.h:111:9: error: unknown type name 'pthread_cond_t'",
      "/Applications/Xcode_16.4.app/Contents/Developer/Platforms/iPhoneSimulator.platform/Developer/SDKs/iPhoneSimulator18.5.sdk/usr/include/c++/v1/__thread/support/pthread.h:114:93: error: use of undeclared identifier 'pthread_cond_signal'",
      "fatal error: too many errors emitted, stopping now [-ferror-limit=]"
    ],
    "warnings": [
      "/Users/runner/work/offLLM/offLLM/build/DerivedData/SourcePackages/checkouts/mlx-swift/Source/Cmlx/mlx-generated/metal/steel/attn/kernels/../../../steel/attn/kernels/steel_attention.h:349:16: warning: constexpr if is a C++17 extension [-Wc++17-extensions]",
      "/Users/runner/work/offLLM/offLLM/build/DerivedData/SourcePackages/checkouts/mlx-swift/Source/Cmlx/mlx-generated/metal/steel/attn/kernels/../../../steel/attn/kernels/steel_attention.h:419:14: warning: constexpr if is a C++17 extension [-Wc++17-extensions]",
      "/Users/runner/work/offLLM/offLLM/build/DerivedData/SourcePackages/checkouts/mlx-swift/Source/Cmlx/mlx-generated/metal/steel/attn/kernels/../../../steel/attn/kernels/steel_attention.h:429:14: warning: constexpr if is a C++17 extension [-Wc++17-extensions]",
      "/Users/runner/work/offLLM/offLLM/ios/Pods/glog/src/utilities.cc:254:17: warning: 'syscall' is deprecated: first deprecated in iOS 10.0 - syscall(2) is unsupported; please switch to a supported interface. For SYS_kdebug_trace use kdebug_signpost(). [-Wdeprecated-declarations]",
      "/Users/runner/work/offLLM/offLLM/ios/Pods/glog/src/raw_logging.cc:153:3: warning: 'syscall' is deprecated: first deprecated in iOS 10.0 - syscall(2) is unsupported; please switch to a supported interface. For SYS_kdebug_trace use kdebug_signpost(). [-Wdeprecated-declarations]",
      "/Users/runner/work/offLLM/offLLM/ios/Pods/glog/src/utilities.cc:254:17: warning: 'syscall' is deprecated: first deprecated in iOS 10.0 - syscall(2) is unsupported; please switch to a supported interface. For SYS_kdebug_trace use kdebug_signpost(). [-Wdeprecated-declarations]",
      "/Users/runner/work/offLLM/offLLM/ios/Pods/glog/src/raw_logging.cc:153:3: warning: 'syscall' is deprecated: first deprecated in iOS 10.0 - syscall(2) is unsupported; please switch to a supported interface. For SYS_kdebug_trace use kdebug_signpost(). [-Wdeprecated-declarations]",
      "/Users/runner/work/offLLM/offLLM/ios/Pods/SocketRocket/SocketRocket/Internal/Utilities/SRURLUtilities.m:63:14: warning: 'NSURLNetworkServiceTypeVoIP' is deprecated: first deprecated in iOS 13.0 - Use PushKit for VoIP control purposes [-Wdeprecated-declarations]",
      "/Users/runner/work/offLLM/offLLM/ios/Pods/SocketRocket/SocketRocket/Internal/Security/SRPinningSecurityPolicy.m:54:34: warning: 'SecTrustGetCertificateAtIndex' is deprecated: first deprecated in iOS 15.0 [-Wdeprecated-declarations]",
      "/Users/runner/work/offLLM/offLLM/ios/Pods/SocketRocket/SocketRocket/Internal/Utilities/SRURLUtilities.m:63:14: warning: 'NSURLNetworkServiceTypeVoIP' is deprecated: first deprecated in iOS 13.0 - Use PushKit for VoIP control purposes [-Wdeprecated-declarations]",
      "/Users/runner/work/offLLM/offLLM/ios/Pods/SocketRocket/SocketRocket/Internal/Security/SRPinningSecurityPolicy.m:54:34: warning: 'SecTrustGetCertificateAtIndex' is deprecated: first deprecated in iOS 15.0 [-Wdeprecated-declarations]",
      "/Users/runner/work/offLLM/offLLM/ios/Pods/DoubleConversion/double-conversion/cached-powers.cc:134:18: warning: unused variable 'kCachedPowersLength' [-Wunused-const-variable]",
      "/Users/runner/work/offLLM/offLLM/ios/Pods/DoubleConversion/double-conversion/cached-powers.cc:134:18: warning: unused variable 'kCachedPowersLength' [-Wunused-const-variable]",
      "warning: Run script build phase 'Create Symlinks to Header Folders' will be run during every build because it does not specify any outputs. To address this issue, either add output dependencies to the script phase, or configure it to run in every build by unchecking \"Based on dependency analysis\" in the script phase. (in target 'fmt' from project 'fmt')",
      "warning: Skipping duplicate build file in Copy Headers build phase: /Users/runner/work/offLLM/offLLM/node_modules/react-native/ReactCommon/yoga/yoga/enums/Align.h (in target 'Yoga' from project 'Yoga')",
      "warning: Skipping duplicate build file in Copy Headers build phase: /Users/runner/work/offLLM/offLLM/node_modules/react-native/ReactCommon/yoga/yoga/enums/FlexDirection.h (in target 'Yoga' from project 'Yoga')",
      "warning: Run script build phase 'Create Symlinks to Header Folders' will be run during every build because it does not specify any outputs. To address this issue, either add output dependencies to the script phase, or configure it to run in every build by unchecking \"Based on dependency analysis\" in the script phase. (in target 'Yoga' from project 'Yoga')",
      "warning: Run script build phase 'Create Symlinks to Header Folders' will be run during every build because it does not specify any outputs. To address this issue, either add output dependencies to the script phase, or configure it to run in every build by unchecking \"Based on dependency analysis\" in the script phase. (in target 'ReactCommon' from project 'ReactCommon')",
      "warning: Run script build phase 'Create Symlinks to Header Folders' will be run during every build because it does not specify any outputs. To address this issue, either add output dependencies to the script phase, or configure it to run in every build by unchecking \"Based on dependency analysis\" in the script phase. (in target 'ReactCodegen' from project 'ReactCodegen')",
      "warning: Run script build phase 'Create Symlinks to Header Folders' will be run during every build because it does not specify any outputs. To address this issue, either add output dependencies to the script phase, or configure it to run in every build by unchecking \"Based on dependency analysis\" in the script phase. (in target 'React-utils' from project 'React-utils')",
      "warning: Run script build phase 'Create Symlinks to Header Folders' will be run during every build because it does not specify any outputs. To address this issue, either add output dependencies to the script phase, or configure it to run in every build by unchecking \"Based on dependency analysis\" in the script phase. (in target 'React-runtimescheduler' from project 'React-runtimescheduler')",
      "warning: Run script build phase 'Create Symlinks to Header Folders' will be run during every build because it does not specify any outputs. To address this issue, either add output dependencies to the script phase, or configure it to run in every build by unchecking \"Based on dependency analysis\" in the script phase. (in target 'React-runtimeexecutor' from project 'React-runtimeexecutor')",
      "warning: Run script build phase 'Create Symlinks to Header Folders' will be run during every build because it does not specify any outputs. To address this issue, either add output dependencies to the script phase, or configure it to run in every build by unchecking \"Based on dependency analysis\" in the script phase. (in target 'React-rendererdebug' from project 'React-rendererdebug')",
      "warning: Run script build phase 'Create Symlinks to Header Folders' will be run during every build because it does not specify any outputs. To address this issue, either add output dependencies to the script phase, or configure it to run in every build by unchecking \"Based on dependency analysis\" in the script phase. (in target 'React-renderercss' from project 'React-renderercss')",
      "warning: Run script build phase 'Create Symlinks to Header Folders' will be run during every build because it does not specify any outputs. To address this issue, either add output dependencies to the script phase, or configure it to run in every build by unchecking \"Based on dependency analysis\" in the script phase. (in target 'React-rendererconsistency' from project 'React-rendererconsistency')",
      "warning: Run script build phase 'Create Symlinks to Header Folders' will be run during every build because it does not specify any outputs. To address this issue, either add output dependencies to the script phase, or configure it to run in every build by unchecking \"Based on dependency analysis\" in the script phase. (in target 'React-performancetimeline' from project 'React-performancetimeline')",
      "warning: Run script build phase 'Create Symlinks to Header Folders' will be run during every build because it does not specify any outputs. To address this issue, either add output dependencies to the script phase, or configure it to run in every build by unchecking \"Based on dependency analysis\" in the script phase. (in target 'React-microtasksnativemodule' from project 'React-microtasksnativemodule')",
      "warning: Run script build phase 'Create Symlinks to Header Folders' will be run during every build because it does not specify any outputs. To address this issue, either add output dependencies to the script phase, or configure it to run in every build by unchecking \"Based on dependency analysis\" in the script phase. (in target 'React-jsitooling' from project 'React-jsitooling')",
      "warning: Run script build phase 'Create Symlinks to Header Folders' will be run during every build because it does not specify any outputs. To address this issue, either add output dependencies to the script phase, or configure it to run in every build by unchecking \"Based on dependency analysis\" in the script phase. (in target 'React-jsinspectortracing' from project 'React-jsinspectortracing')",
      "warning: Run script build phase 'Create Symlinks to Header Folders' will be run during every build because it does not specify any outputs. To address this issue, either add output dependencies to the script phase, or configure it to run in every build by unchecking \"Based on dependency analysis\" in the script phase. (in target 'React-jsinspectornetwork' from project 'React-jsinspectornetwork')",
      "warning: Run script build phase 'Create Symlinks to Header Folders' will be run during every build because it does not specify any outputs. To address this issue, either add output dependencies to the script phase, or configure it to run in every build by unchecking \"Based on dependency analysis\" in the script phase. (in target 'React-jsinspectorcdp' from project 'React-jsinspectorcdp')",
      "warning: Run script build phase 'Create Symlinks to Header Folders' will be run during every build because it does not specify any outputs. To address this issue, either add output dependencies to the script phase, or configure it to run in every build by unchecking \"Based on dependency analysis\" in the script phase. (in target 'React-jserrorhandler' from project 'React-jserrorhandler')",
      "warning: Run script build phase 'Create Symlinks to Header Folders' will be run during every build because it does not specify any outputs. To address this issue, either add output dependencies to the script phase, or configure it to run in every build by unchecking \"Based on dependency analysis\" in the script phase. (in target 'React-idlecallbacksnativemodule' from project 'React-idlecallbacksnativemodule')",
      "warning: Run script build phase 'Create Symlinks to Header Folders' will be run during every build because it does not specify any outputs. To address this issue, either add output dependencies to the script phase, or configure it to run in every build by unchecking \"Based on dependency analysis\" in the script phase. (in target 'React-graphics' from project 'React-graphics')",
      "warning: Run script build phase 'Create Symlinks to Header Folders' will be run during every build because it does not specify any outputs. To address this issue, either add output dependencies to the script phase, or configure it to run in every build by unchecking \"Based on dependency analysis\" in the script phase. (in target 'React-featureflagsnativemodule' from project 'React-featureflagsnativemodule')",
      "warning: Run script build phase 'Create Symlinks to Header Folders' will be run during every build because it does not specify any outputs. To address this issue, either add output dependencies to the script phase, or configure it to run in every build by unchecking \"Based on dependency analysis\" in the script phase. (in target 'React-featureflags' from project 'React-featureflags')",
      "warning: Run script build phase 'Create Symlinks to Header Folders' will be run during every build because it does not specify any outputs. To address this issue, either add output dependencies to the script phase, or configure it to run in every build by unchecking \"Based on dependency analysis\" in the script phase. (in target 'React-domnativemodule' from project 'React-domnativemodule')",
      "warning: Run script build phase 'Create Symlinks to Header Folders' will be run during every build because it does not specify any outputs. To address this issue, either add output dependencies to the script phase, or configure it to run in every build by unchecking \"Based on dependency analysis\" in the script phase. (in target 'React-defaultsnativemodule' from project 'React-defaultsnativemodule')",
      "warning: Run script build phase 'Create Symlinks to Header Folders' will be run during every build because it does not specify any outputs. To address this issue, either add output dependencies to the script phase, or configure it to run in every build by unchecking \"Based on dependency analysis\" in the script phase. (in target 'React-debug' from project 'React-debug')",
      "warning: Run script build phase 'Create Symlinks to Header Folders' will be run during every build because it does not specify any outputs. To address this issue, either add output dependencies to the script phase, or configure it to run in every build by unchecking \"Based on dependency analysis\" in the script phase. (in target 'React-RuntimeHermes' from project 'React-RuntimeHermes')",
      "warning: Run script build phase 'Create Symlinks to Header Folders' will be run during every build because it does not specify any outputs. To address this issue, either add output dependencies to the script phase, or configure it to run in every build by unchecking \"Based on dependency analysis\" in the script phase. (in target 'React-RuntimeCore' from project 'React-RuntimeCore')",
      "warning: Run script build phase 'Create Symlinks to Header Folders' will be run during every build because it does not specify any outputs. To address this issue, either add output dependencies to the script phase, or configure it to run in every build by unchecking \"Based on dependency analysis\" in the script phase. (in target 'React-RuntimeApple' from project 'React-RuntimeApple')",
      "warning: Run script build phase 'Create Symlinks to Header Folders' will be run during every build because it does not specify any outputs. To address this issue, either add output dependencies to the script phase, or configure it to run in every build by unchecking \"Based on dependency analysis\" in the script phase. (in target 'React-RCTRuntime' from project 'React-RCTRuntime')",
      "warning: Run script build phase 'Create Symlinks to Header Folders' will be run during every build because it does not specify any outputs. To address this issue, either add output dependencies to the script phase, or configure it to run in every build by unchecking \"Based on dependency analysis\" in the script phase. (in target 'React-RCTFBReactNativeSpec' from project 'React-RCTFBReactNativeSpec')",
      "warning: Run script build phase 'Create Symlinks to Header Folders' will be run during every build because it does not specify any outputs. To address this issue, either add output dependencies to the script phase, or configure it to run in every build by unchecking \"Based on dependency analysis\" in the script phase. (in target 'React-NativeModulesApple' from project 'React-NativeModulesApple')",
      "warning: Run script build phase 'Create Symlinks to Header Folders' will be run during every build because it does not specify any outputs. To address this issue, either add output dependencies to the script phase, or configure it to run in every build by unchecking \"Based on dependency analysis\" in the script phase. (in target 'React-Mapbuffer' from project 'React-Mapbuffer')",
      "warning: Run script build phase 'Create Symlinks to Header Folders' will be run during every build because it does not specify any outputs. To address this issue, either add output dependencies to the script phase, or configure it to run in every build by unchecking \"Based on dependency analysis\" in the script phase. (in target 'React-ImageManager' from project 'React-ImageManager')",
      "warning: Run script build phase 'Create Symlinks to Header Folders' will be run during every build because it does not specify any outputs. To address this issue, either add output dependencies to the script phase, or configure it to run in every build by unchecking \"Based on dependency analysis\" in the script phase. (in target 'React-FabricImage' from project 'React-FabricImage')",
      "warning: Run script build phase 'Create Symlinks to Header Folders' will be run during every build because it does not specify any outputs. To address this issue, either add output dependencies to the script phase, or configure it to run in every build by unchecking \"Based on dependency analysis\" in the script phase. (in target 'React-FabricComponents' from project 'React-FabricComponents')",
      "warning: Run script build phase 'Create Symlinks to Header Folders' will be run during every build because it does not specify any outputs. To address this issue, either add output dependencies to the script phase, or configure it to run in every build by unchecking \"Based on dependency analysis\" in the script phase. (in target 'React-Fabric' from project 'React-Fabric')",
      "warning: Run script build phase 'Create Symlinks to Header Folders' will be run during every build because it does not specify any outputs. To address this issue, either add output dependencies to the script phase, or configure it to run in every build by unchecking \"Based on dependency analysis\" in the script phase. (in target 'RCT-Folly' from project 'RCT-Folly')"
    ],
    "hermesScripts": [],
    "phaseScriptFailures": [],
    "deploymentTargetNotes": [],
    "internalInconsistency": [],
    "logPath": "/Users/runner/work/offLLM/offLLM/build/xcodebuild.log"
  },
  "xcresult": {
    "ok": false,
    "error": "xcresulttool failed",
    "stderr": "Error: This command is deprecated and will be removed in a future release, --legacy flag is required to use it.\nUsage: xcresulttool get object [--legacy] --path <path> [--id <id>] [--version <version>] [--format <format>]\n  See 'xcresulttool get object --help' for more information.\n",
    "path": "/Users/runner/work/offLLM/offLLM/build/MyOfflineLLMApp.xcresult"
  }
}